Nonterminals useless in grammar

    expression_2
    expression_1


Terminals unused in grammar

    '!'


Rules useless in grammar

    2 expression_2: '!' expression_1

    3 expression_1: literal


Grammar

    0 $accept: literal $end

    1 literal: TK_LIT_INT


Terminals, with rules where they appear

    $end (0) 0
    '!' <valor_lexico> (33)
    error (256)
    TK_LIT_INT <node> (258) 1


Nonterminals, with rules where they appear

    $accept (5)
        on left: 0
    literal <valor_lexico> (6)
        on left: 1
        on right: 0


State 0

    0 $accept: . literal $end

    TK_LIT_INT  shift, and go to state 1

    literal  go to state 2


State 1

    1 literal: TK_LIT_INT .

    $default  reduce using rule 1 (literal)


State 2

    0 $accept: literal . $end

    $end  shift, and go to state 3


State 3

    0 $accept: literal $end .

    $default  accept
